<?xml version="1.0" encoding="ISO-8859-1"?>
<beans xmlns="http://www.springframework.org/schema/beans"
    xmlns:xsi="http://www.w3.org/2001/XMLSchema-instance" xmlns:util="http://www.springframework.org/schema/util"
    xsi:schemaLocation="
       http://www.springframework.org/schema/beans http://www.springframework.org/schema/beans/spring-beans.xsd
       http://www.springframework.org/schema/util http://www.springframework.org/schema/util/spring-util.xsd">

    <bean id="userMapper"
        class="ar.com.zauber.commons.repository.utils.AnonymousAuthenticationUserMapper">
        <constructor-arg index="0" value="anonymous" />
    </bean>

    <bean id="repository"
        class="ar.com.zauber.commons.repository.SpringHibernateRepository">
        <property name="hibernateTemplate">
            <ref bean="hibernateTemplate" />
        </property>
    </bean>

    <bean id="moderationEntryRepository"
        class="ar.com.zauber.commons.moderation.model.HibernateModerationEntryRepository">
        <constructor-arg index="0">
            <bean class="ar.com.zauber.commons.date.impl.CurrentDateProvider" />
        </constructor-arg>
        <constructor-arg index="1" ref="userMapper" />
        <constructor-arg index="2" ref="repository" />
    </bean>

</beans>